<?xml version="1.0" encoding="UTF-8" ?>
<testsuite tests="3" failures="1" name="TestSuite" time="64.038" errors="0" skipped="0">
  <properties>
    <property name="java.vendor" value="Oracle Corporation"/>
    <property name="JOB_NAME" value="appium_integration"/>
    <property name="PWD" value="/var/lib/jenkins"/>
    <property name="sun.java.launcher" value="SUN_STANDARD"/>
    <property name="sun.management.compiler" value="HotSpot 64-Bit Tiered Compilers"/>
    <property name="JENKINS_HOME" value="/var/lib/jenkins"/>
    <property name="PATH" value="/usr/lib/jvm/java-1.8.0-openjdk-amd64//bin:/usr/local/bin:/usr/bin:/bin:/usr/local/games:/usr/games"/>
    <property name="HUDSON_SERVER_COOKIE" value="d7e2788145798f30"/>
    <property name="POM_ARTIFACTID" value="android.web"/>
    <property name="os.name" value="Linux"/>
    <property name="sun.boot.class.path" value="/usr/lib/jvm/java-8-openjdk-amd64/jre/lib/resources.jar:/usr/lib/jvm/java-8-openjdk-amd64/jre/lib/rt.jar:/usr/lib/jvm/java-8-openjdk-amd64/jre/lib/sunrsasign.jar:/usr/lib/jvm/java-8-openjdk-amd64/jre/lib/jsse.jar:/usr/lib/jvm/java-8-openjdk-amd64/jre/lib/jce.jar:/usr/lib/jvm/java-8-openjdk-amd64/jre/lib/charsets.jar:/usr/lib/jvm/java-8-openjdk-amd64/jre/lib/jfr.jar:/usr/lib/jvm/java-8-openjdk-amd64/jre/classes"/>
    <property name="EXECUTOR_NUMBER" value="1"/>
    <property name="java.vm.specification.vendor" value="Oracle Corporation"/>
    <property name="POM_DISPLAYNAME" value="Jombay"/>
    <property name="XDG_RUNTIME_DIR" value="/run/user/120"/>
    <property name="NODE_LABELS" value="master"/>
    <property name="java.runtime.version" value="1.8.0_111-8u111-b14-3~14.04.1-b14"/>
    <property name="XDG_SEAT" value="seat0"/>
    <property name="user.name" value="jenkins"/>
    <property name="guice.disable.misplaced.annotation.check" value="true"/>
    <property name="NODE_PATH" value="/usr/lib/nodejs:/usr/lib/node_modules:/usr/share/javascript"/>
    <property name="user.language" value="en"/>
    <property name="JOB_BASE_NAME" value="appium_integration"/>
    <property name="RUN_CHANGES_DISPLAY_URL" value="http://localhost:8080/job/appium_integration/2/display/redirect?page=changes"/>
    <property name="BUILD_DISPLAY_NAME" value="#2"/>
    <property name="sun.boot.library.path" value="/usr/lib/jvm/java-8-openjdk-amd64/jre/lib/amd64"/>
    <property name="DISPLAY" value=":0"/>
    <property name="java.version" value="1.8.0_111"/>
    <property name="user.timezone" value="Asia/Kolkata"/>
    <property name="sun.arch.data.model" value="64"/>
    <property name="NODE_NAME" value="master"/>
    <property name="TERM" value="linux"/>
    <property name="java.endorsed.dirs" value="/usr/lib/jvm/java-8-openjdk-amd64/jre/lib/endorsed"/>
    <property name="BUILD_ID" value="2"/>
    <property name="sun.cpu.isalist" value=""/>
    <property name="sun.jnu.encoding" value="UTF-8"/>
    <property name="file.encoding.pkg" value="sun.io"/>
    <property name="SHELL" value="/bin/bash"/>
    <property name="file.separator" value="/"/>
    <property name="java.specification.name" value="Java Platform API Specification"/>
    <property name="java.class.version" value="52.0"/>
    <property name="user.country" value="IN"/>
    <property name="securerandom.source" value="file:/dev/./urandom"/>
    <property name="java.home" value="/usr/lib/jvm/java-8-openjdk-amd64/jre"/>
    <property name="DESKTOP_MODE" value="1"/>
    <property name="java.vm.info" value="mixed mode"/>
    <property name="os.version" value="3.13.0-36-generic"/>
    <property name="RUN_DISPLAY_URL" value="http://localhost:8080/job/appium_integration/2/display/redirect"/>
    <property name="POM_VERSION" value="0.0.1-SNAPSHOT"/>
    <property name="sun.font.fontmanager" value="sun.awt.X11FontManager"/>
    <property name="path.separator" value=":"/>
    <property name="java.vm.version" value="25.111-b14"/>
    <property name="JOB_DISPLAY_URL" value="http://localhost:8080/job/appium_integration/display/redirect"/>
    <property name="SHLVL" value="1"/>
    <property name="_" value="/usr/bin/daemon"/>
    <property name="java.awt.printerjob" value="sun.print.PSPrinterJob"/>
    <property name="JAVA_HOME" value="/usr/lib/jvm/java-1.8.0-openjdk-amd64/"/>
    <property name="sun.io.unicode.encoding" value="UnicodeLittle"/>
    <property name="awt.toolkit" value="sun.awt.X11.XToolkit"/>
    <property name="LOGNAME" value="jenkins"/>
    <property name="POM_PACKAGING" value="jar"/>
    <property name="HOME" value="/var/lib/jenkins"/>
    <property name="POM_GROUPID" value="com.android.email"/>
    <property name="user.home" value="/var/lib/jenkins"/>
    <property name="BUILD_TAG" value="jenkins-appium_integration-2"/>
    <property name="JENKINS_SERVER_COOKIE" value="d7e2788145798f30"/>
    <property name="HUDSON_URL" value="http://localhost:8080/"/>
    <property name="java.specification.vendor" value="Oracle Corporation"/>
    <property name="XDG_SESSION_ID" value="c1"/>
    <property name="CLASSPATH" value=""/>
    <property name="java.vendor.url" value="http://java.oracle.com/"/>
    <property name="java.library.path" value="/usr/java/packages/lib/amd64:/usr/lib/x86_64-linux-gnu/jni:/lib/x86_64-linux-gnu:/usr/lib/x86_64-linux-gnu:/usr/lib/jni:/lib:/usr/lib"/>
    <property name="java.vm.vendor" value="Oracle Corporation"/>
    <property name="java.runtime.name" value="OpenJDK Runtime Environment"/>
    <property name="maven.home" value="/usr/share/maven"/>
    <property name="java.class.path" value="/var/lib/jenkins/plugins/maven-plugin/WEB-INF/lib/maven3-agent-1.8.1.jar:/usr/share/maven/boot/plexus-classworlds-2.x.jar"/>
    <property name="sun.java.command" value="org.jvnet.hudson.maven3.agent.Maven3Main /usr/share/maven /var/cache/jenkins/war/WEB-INF/lib/remoting-3.7.jar /var/lib/jenkins/plugins/maven-plugin/WEB-INF/lib/maven3-interceptor-1.8.1.jar /var/lib/jenkins/plugins/maven-plugin/WEB-INF/lib/maven3-interceptor-commons-1.8.1.jar 53959"/>
    <property name="java.vm.specification.name" value="Java Virtual Machine Specification"/>
    <property name="PATH+JDK" value="/usr/lib/jvm/java-1.8.0-openjdk-amd64//bin"/>
    <property name="java.vm.specification.version" value="1.8"/>
    <property name="sun.os.patch.level" value="unknown"/>
    <property name="sun.cpu.endian" value="little"/>
    <property name="M2_HOME" value="/usr/share/maven"/>
    <property name="MAIL" value="/var/mail/jenkins"/>
    <property name="java.io.tmpdir" value="/tmp"/>
    <property name="HUDSON_HOME" value="/var/lib/jenkins"/>
    <property name="PATH+MAVEN" value="/usr/share/maven/bin"/>
    <property name="BUILD_URL" value="http://localhost:8080/job/appium_integration/2/"/>
    <property name="java.vendor.url.bug" value="http://bugreport.sun.com/bugreport/"/>
    <property name="java.awt.graphicsenv" value="sun.awt.X11GraphicsEnvironment"/>
    <property name="os.arch" value="amd64"/>
    <property name="java.ext.dirs" value="/usr/lib/jvm/java-8-openjdk-amd64/jre/lib/ext:/usr/java/packages/lib/ext"/>
    <property name="user.dir" value="/home/jombay/jombay_testing/workspace_git/android-jenkin-automation"/>
    <property name="JOB_URL" value="http://localhost:8080/job/appium_integration/"/>
    <property name="line.separator" value="
"/>
    <property name="MAVEN_HOME" value="/usr/share/maven"/>
    <property name="java.vm.name" value="OpenJDK 64-Bit Server VM"/>
    <property name="BUILD_NUMBER" value="2"/>
    <property name="JENKINS_URL" value="http://localhost:8080/"/>
    <property name="QT_QPA_PLATFORMTHEME" value="appmenu-qt5"/>
    <property name="file.encoding" value="UTF-8"/>
    <property name="LANG" value="en_IN"/>
    <property name="maven3.interceptor" value="/var/lib/jenkins/plugins/maven-plugin/WEB-INF/lib/maven3-interceptor-1.8.1.jar"/>
    <property name="WORKSPACE" value="/home/jombay/jombay_testing/workspace_git/android-jenkin-automation"/>
    <property name="maven3.interceptor.common" value="/var/lib/jenkins/plugins/maven-plugin/WEB-INF/lib/maven3-interceptor-commons-1.8.1.jar"/>
    <property name="java.specification.version" value="1.8"/>
    <property name="LANGUAGE" value="en_IN:en"/>
    <property name="USER" value="jenkins"/>
  </properties>
  <testcase classname="com.fb.web.FbTest" name="verifyHomeScreen" time="0.903"/>
  <testcase classname="com.fb.web.FbTest" name="verifyHomeTabs" time="11.484"/>
  <testcase classname="com.fb.web.FbTest" name="startTutorials" time="20.187">
    <failure message="expected [AboutUs] but found [test]" type="java.lang.AssertionError">java.lang.AssertionError: expected [AboutUs] but found [test]
	at org.testng.Assert.fail(Assert.java:94)
	at org.testng.Assert.failNotEquals(Assert.java:513)
	at org.testng.Assert.assertEqualsImpl(Assert.java:135)
	at org.testng.Assert.assertEquals(Assert.java:116)
	at org.testng.Assert.assertEquals(Assert.java:190)
	at org.testng.Assert.assertEquals(Assert.java:200)
	at com.fb.object.TopicsPage.verifyQuestions(TopicsPage.java:149)
	at com.fb.web.FbTest.startTutorials(FbTest.java:105)
</failure>
  </testcase>
</testsuite>