<?xml version="1.0" encoding="UTF-8"?>
<!-- Generated by org.testng.reporters.JUnitReportReporter -->
<testsuite hostname="jombayadmin" name="com.fb.web.FbTest" tests="2" failures="0" timestamp="18 Jul 2017 10:14:02 GMT" time="48.799" errors="0">
  <testcase name="Google_Search_Test" time="48.798" classname="com.fb.web.FbTest"/>
  <testcase name="sample_Test" time="0.001" classname="com.fb.web.FbTest"/>
</testsuite> <!-- com.fb.web.FbTest -->
